441SpinnerProject/app/build/outputs/logs/manifest-merger-debug-report.txt
-- Merging decision tree log ---
manifest
ADDED from src\main\AndroidManifest.xml:2:1-16:12
	package
		ADDED from src\main\AndroidManifest.xml:3:7-44
		INJECTED from src\main\AndroidManifest.xml
		INJECTED from src\main\AndroidManifest.xml
	android:versionName
		ADDED from src\main\AndroidManifest.xml:5:7-32
		INJECTED from src\main\AndroidManifest.xml
		INJECTED from src\main\AndroidManifest.xml
	android:versionCode
		ADDED from src\main\AndroidManifest.xml:4:7-30
		INJECTED from src\main\AndroidManifest.xml
		INJECTED from src\main\AndroidManifest.xml
	xmlns:android
		ADDED from src\main\AndroidManifest.xml:2:11-69
application
ADDED from src\main\AndroidManifest.xml:6:5-14:19
	android:label
		ADDED from src\main\AndroidManifest.xml:6:55-87
	android:icon
		ADDED from src\main\AndroidManifest.xml:6:18-54
activity#edu.jaen.android.ui.spinner.HelloSpinner
ADDED from src\main\AndroidManifest.xml:7:9-13:20
	android:label
		ADDED from src\main\AndroidManifest.xml:8:19-51
	android:name
		ADDED from src\main\AndroidManifest.xml:7:19-74
intent-filter#android.intent.action.MAIN+android.intent.category.LAUNCHER
ADDED from src\main\AndroidManifest.xml:9:13-12:29
action#android.intent.action.MAIN
ADDED from src\main\AndroidManifest.xml:10:17-69
	android:name
		ADDED from src\main\AndroidManifest.xml:10:25-66
category#android.intent.category.LAUNCHER
ADDED from src\main\AndroidManifest.xml:11:17-77
	android:name
		ADDED from src\main\AndroidManifest.xml:11:27-74
uses-sdk
ADDED from src\main\AndroidManifest.xml:15:5-44
	android:targetSdkVersion
		INJECTED from src\main\AndroidManifest.xml
		INJECTED from src\main\AndroidManifest.xml
	android:minSdkVersion
		ADDED from src\main\AndroidManifest.xml:15:15-41
		INJECTED from src\main\AndroidManifest.xml
		INJECTED from src\main\AndroidManifest.xml